2017-05-31 10:15:37,466|INFO|o.w.w.u.RDFHandler|Extracting all the graph nodes from datasets...
2017-05-31 10:15:37,515|INFO|o.w.w.u.RDFHandler|Converting the TriG String into RDF Graph
2017-05-31 10:15:37,516|ERROR|o.a.j.riot|[line: 2, col: 1 ] Keyword 'previous' not allowed here
2017-05-31 10:15:37,541|INFO|o.w.w.u.RDFHandler|Converting the TriG String into RDF Graph
2017-05-31 10:15:37,559|INFO|o.w.w.u.RDFHandler|Converting the TriG String into RDF Graph
2017-05-31 10:15:37,564|ERROR|o.w.w.u.RDFHandler|Invalid TriG: it contains only zero graph
2017-05-31 10:15:37,579|INFO|o.w.w.u.RDFHandler|Getting the RDF Model of TriG graph...
2017-05-31 10:15:37,580|INFO|o.w.w.u.RDFHandler|The TriG Graph contains 53 triples.
2017-05-31 10:15:37,642|INFO|o.w.w.u.RDFHandler|Extracting all the graph nodes from datasets...
2017-05-31 10:15:37,652|INFO|o.w.w.u.RDFHandler|Getting the base URI of TriG graph...
2017-05-31 10:15:37,652|INFO|o.w.w.u.RDFHandler|The base URI of TriG graph is:http://localhost:9091/waves/first-tests
2017-05-31 10:15:37,671|INFO|o.w.w.u.RDFHandler|Extracting all the graph nodes from datasets...
2017-05-31 10:15:37,680|INFO|o.w.w.u.RDFHandler|Converting the TriG String into RDF Graph
2017-05-31 10:15:37,682|ERROR|o.w.w.u.RDFHandler|Invalid TriG: it contains more than one graphs
2017-05-31 16:09:12,212|INFO|o.w.w.u.RDFHandler|Extracting all the graph nodes from datasets...
2017-05-31 16:09:12,261|INFO|o.w.w.u.RDFHandler|Converting the TriG String into RDF Graph
2017-05-31 16:09:12,263|ERROR|o.a.j.riot|[line: 2, col: 1 ] Keyword 'previous' not allowed here
2017-05-31 16:09:12,291|INFO|o.w.w.u.RDFHandler|Converting the TriG String into RDF Graph
2017-05-31 16:09:12,315|INFO|o.w.w.u.RDFHandler|Converting the TriG String into RDF Graph
2017-05-31 16:09:12,315|ERROR|o.w.w.u.RDFHandler|Invalid TriG: it contains only zero graph
2017-05-31 16:09:12,328|INFO|o.w.w.u.RDFHandler|Getting the RDF Model of TriG graph...
2017-05-31 16:09:12,328|INFO|o.w.w.u.RDFHandler|The TriG Graph contains 53 triples.
2017-05-31 16:09:12,384|INFO|o.w.w.u.RDFHandler|Extracting all the graph nodes from datasets...
2017-05-31 16:09:12,393|INFO|o.w.w.u.RDFHandler|Getting the base URI of TriG graph...
2017-05-31 16:09:12,394|INFO|o.w.w.u.RDFHandler|The base URI of TriG graph is:http://localhost:9091/waves/first-tests
2017-05-31 16:09:12,414|INFO|o.w.w.u.RDFHandler|Extracting all the graph nodes from datasets...
2017-05-31 16:09:12,424|INFO|o.w.w.u.RDFHandler|Converting the TriG String into RDF Graph
2017-05-31 16:09:12,425|ERROR|o.w.w.u.RDFHandler|Invalid TriG: it contains more than one graphs
2017-05-31 17:55:02,439|INFO|o.w.w.u.RDFHandler|Extracting all the graph nodes from datasets...
2017-05-31 17:55:02,518|INFO|o.w.w.u.RDFHandler|Converting the TriG String into RDF Graph
2017-05-31 17:55:02,519|ERROR|o.a.j.riot|[line: 2, col: 1 ] Keyword 'previous' not allowed here
2017-05-31 17:55:02,539|INFO|o.w.w.u.RDFHandler|Converting the TriG String into RDF Graph
2017-05-31 17:55:02,572|INFO|o.w.w.u.RDFHandler|Converting the TriG String into RDF Graph
2017-05-31 17:55:02,573|ERROR|o.w.w.u.RDFHandler|Invalid TriG: it contains only zero graph
2017-05-31 17:55:02,599|INFO|o.w.w.u.RDFHandler|Getting the RDF Model of TriG graph...
2017-05-31 17:55:02,599|INFO|o.w.w.u.RDFHandler|The TriG Graph contains 53 triples.
2017-05-31 17:55:02,733|INFO|o.w.w.u.RDFHandler|Extracting all the graph nodes from datasets...
2017-05-31 17:55:02,747|INFO|o.w.w.u.RDFHandler|Getting the base URI of TriG graph...
2017-05-31 17:55:02,748|INFO|o.w.w.u.RDFHandler|The base URI of TriG graph is:http://localhost:9091/waves/first-tests
2017-05-31 17:55:02,787|INFO|o.w.w.u.RDFHandler|Extracting all the graph nodes from datasets...
2017-05-31 17:55:02,802|INFO|o.w.w.u.RDFHandler|Converting the TriG String into RDF Graph
2017-05-31 17:55:02,803|ERROR|o.w.w.u.RDFHandler|Invalid TriG: it contains more than one graphs
2017-05-31 17:59:39,014|INFO|o.w.w.u.RDFHandler|Extracting all the graph nodes from datasets...
2017-05-31 17:59:39,085|INFO|o.w.w.u.RDFHandler|Converting the TriG String into RDF Graph
2017-05-31 17:59:39,086|ERROR|o.a.j.riot|[line: 2, col: 1 ] Keyword 'previous' not allowed here
2017-05-31 17:59:39,103|INFO|o.w.w.u.RDFHandler|Converting the TriG String into RDF Graph
2017-05-31 17:59:39,120|INFO|o.w.w.u.RDFHandler|Converting the TriG String into RDF Graph
2017-05-31 17:59:39,121|ERROR|o.w.w.u.RDFHandler|Invalid TriG: it contains only zero graph
2017-05-31 17:59:39,133|INFO|o.w.w.u.RDFHandler|Getting the RDF Model of TriG graph...
2017-05-31 17:59:39,133|INFO|o.w.w.u.RDFHandler|The TriG Graph contains 53 triples.
2017-05-31 17:59:39,229|INFO|o.w.w.u.RDFHandler|Extracting all the graph nodes from datasets...
2017-05-31 17:59:39,239|INFO|o.w.w.u.RDFHandler|Getting the base URI of TriG graph...
2017-05-31 17:59:39,239|INFO|o.w.w.u.RDFHandler|The base URI of TriG graph is:http://localhost:9091/waves/first-tests
2017-05-31 17:59:39,269|INFO|o.w.w.u.RDFHandler|Extracting all the graph nodes from datasets...
2017-05-31 17:59:39,278|INFO|o.w.w.u.RDFHandler|Converting the TriG String into RDF Graph
2017-05-31 17:59:39,280|ERROR|o.w.w.u.RDFHandler|Invalid TriG: it contains more than one graphs
2017-06-01 12:13:51,362|INFO|o.w.w.u.RDFHandler|Extracting all the graph nodes from datasets...
2017-06-01 12:13:51,417|INFO|o.w.w.u.RDFHandler|Converting the TriG String into RDF Graph
2017-06-01 12:13:51,419|ERROR|o.a.j.riot|[line: 2, col: 1 ] Keyword 'previous' not allowed here
2017-06-01 12:13:51,444|INFO|o.w.w.u.RDFHandler|Converting the TriG String into RDF Graph
2017-06-01 12:13:51,469|INFO|o.w.w.u.RDFHandler|Converting the TriG String into RDF Graph
2017-06-01 12:13:51,470|ERROR|o.w.w.u.RDFHandler|Invalid TriG: it contains only zero graph
2017-06-01 12:13:51,484|INFO|o.w.w.u.RDFHandler|Getting the RDF Model of TriG graph...
2017-06-01 12:13:51,485|INFO|o.w.w.u.RDFHandler|The TriG Graph contains 53 triples.
2017-06-01 12:13:51,547|INFO|o.w.w.u.RDFHandler|Extracting all the graph nodes from datasets...
2017-06-01 12:13:51,557|INFO|o.w.w.u.RDFHandler|Getting the base URI of TriG graph...
2017-06-01 12:13:51,557|INFO|o.w.w.u.RDFHandler|The base URI of TriG graph is:http://localhost:9091/waves/first-tests
2017-06-01 12:13:51,582|INFO|o.w.w.u.RDFHandler|Extracting all the graph nodes from datasets...
2017-06-01 12:13:51,591|INFO|o.w.w.u.RDFHandler|Converting the TriG String into RDF Graph
2017-06-01 12:13:51,592|ERROR|o.w.w.u.RDFHandler|Invalid TriG: it contains more than one graphs
2017-06-01 13:54:14,219|INFO|o.w.w.u.TripleStoreAccessor|Getting all the project graphs...
2017-06-01 13:54:16,295|INFO|o.w.w.u.RDFHandler|Extracting all the graph nodes from datasets...
2017-06-01 13:54:16,295|INFO|o.w.w.u.RDFHandler|Extracting all the project names from graphs...
2017-06-01 13:54:16,299|INFO|o.w.w.u.TripleStoreAccessor|Getting all the project graphs...
2017-06-01 13:54:16,373|INFO|o.w.w.u.RDFHandler|Extracting all the graph nodes from datasets...
2017-06-01 13:54:16,374|INFO|o.w.w.u.RDFHandler|Extracting all the project names from graphs...
2017-06-01 13:54:16,374|INFO|o.w.w.u.TripleStoreAccessor|Getting all the project graphs...
2017-06-01 13:54:16,413|INFO|o.w.w.u.RDFHandler|Extracting all the graph nodes from datasets...
2017-06-01 13:54:16,414|INFO|o.w.w.u.RDFHandler|Extracting all the project names from graphs...
2017-06-01 13:54:16,417|INFO|o.w.w.u.TripleStoreAccessor|Getting all the project graphs...
2017-06-01 13:54:16,448|INFO|o.w.w.u.RDFHandler|Extracting all the graph nodes from datasets...
2017-06-01 13:54:16,448|INFO|o.w.w.u.RDFHandler|Extracting all the project names from graphs...
2017-06-01 13:54:16,448|INFO|o.w.w.u.TripleStoreAccessor|Getting all the project graphs...
2017-06-01 13:54:16,490|INFO|o.w.w.u.RDFHandler|Extracting all the graph nodes from datasets...
2017-06-01 13:54:16,490|INFO|o.w.w.u.RDFHandler|Extracting all the project names from graphs...
2017-06-01 13:54:16,490|INFO|o.w.w.u.TripleStoreAccessor|Getting all the project graphs...
2017-06-01 13:54:16,544|INFO|o.w.w.u.TripleStoreAccessor|Getting all the project graphs...
2017-06-01 13:54:16,576|INFO|o.w.w.u.RDFHandler|Extracting all the graph nodes from datasets...
2017-06-01 13:54:16,577|INFO|o.w.w.u.RDFHandler|Extracting all the project names from graphs...
2017-06-01 13:54:16,633|INFO|o.w.w.u.RDFHandler|Executing SPARQL Query to get project name.
2017-06-01 13:54:16,826|INFO|o.w.w.u.ClusterAccessor|Submitting project: first-tests
2017-06-01 13:57:19,332|INFO|o.w.w.u.TripleStoreAccessor|Getting all the project graphs...
2017-06-01 13:57:21,371|INFO|o.w.w.u.RDFHandler|Extracting all the graph nodes from datasets...
2017-06-01 13:57:21,371|INFO|o.w.w.u.RDFHandler|Extracting all the project names from graphs...
2017-06-01 13:57:21,375|INFO|o.w.w.u.TripleStoreAccessor|Getting all the project graphs...
2017-06-01 13:57:21,412|INFO|o.w.w.u.RDFHandler|Extracting all the graph nodes from datasets...
2017-06-01 13:57:21,413|INFO|o.w.w.u.RDFHandler|Extracting all the project names from graphs...
2017-06-01 13:57:21,413|INFO|o.w.w.u.TripleStoreAccessor|Getting all the project graphs...
2017-06-01 13:57:21,443|INFO|o.w.w.u.RDFHandler|Extracting all the graph nodes from datasets...
2017-06-01 13:57:21,443|INFO|o.w.w.u.RDFHandler|Extracting all the project names from graphs...
2017-06-01 13:57:21,447|INFO|o.w.w.u.TripleStoreAccessor|Getting all the project graphs...
2017-06-01 13:57:21,472|INFO|o.w.w.u.RDFHandler|Extracting all the graph nodes from datasets...
2017-06-01 13:57:21,472|INFO|o.w.w.u.RDFHandler|Extracting all the project names from graphs...
2017-06-01 13:57:21,472|INFO|o.w.w.u.TripleStoreAccessor|Getting all the project graphs...
2017-06-01 13:57:21,497|INFO|o.w.w.u.RDFHandler|Extracting all the graph nodes from datasets...
2017-06-01 13:57:21,497|INFO|o.w.w.u.RDFHandler|Extracting all the project names from graphs...
2017-06-01 13:57:21,497|INFO|o.w.w.u.TripleStoreAccessor|Getting all the project graphs...
2017-06-01 13:57:21,565|INFO|o.w.w.u.TripleStoreAccessor|Getting all the project graphs...
2017-06-01 13:57:21,602|INFO|o.w.w.u.RDFHandler|Extracting all the graph nodes from datasets...
2017-06-01 13:57:21,602|INFO|o.w.w.u.RDFHandler|Extracting all the project names from graphs...
2017-06-01 13:57:21,713|INFO|o.w.w.u.RDFHandler|Executing SPARQL Query to get project name.
2017-06-01 13:57:21,890|INFO|o.w.w.u.ClusterAccessor|Submitting project: first-tests
2017-06-01 14:00:12,484|INFO|o.w.w.u.TripleStoreAccessor|Getting all the project graphs...
2017-06-01 14:00:14,434|INFO|o.w.w.u.RDFHandler|Extracting all the graph nodes from datasets...
2017-06-01 14:00:14,434|INFO|o.w.w.u.RDFHandler|Extracting all the project names from graphs...
2017-06-01 14:00:14,439|INFO|o.w.w.u.TripleStoreAccessor|Getting all the project graphs...
2017-06-01 14:00:14,479|INFO|o.w.w.u.RDFHandler|Extracting all the graph nodes from datasets...
2017-06-01 14:00:14,480|INFO|o.w.w.u.RDFHandler|Extracting all the project names from graphs...
2017-06-01 14:00:14,480|INFO|o.w.w.u.TripleStoreAccessor|Getting all the project graphs...
2017-06-01 14:00:14,527|INFO|o.w.w.u.RDFHandler|Extracting all the graph nodes from datasets...
2017-06-01 14:00:14,527|INFO|o.w.w.u.RDFHandler|Extracting all the project names from graphs...
2017-06-01 14:00:14,530|INFO|o.w.w.u.TripleStoreAccessor|Getting all the project graphs...
2017-06-01 14:00:14,564|INFO|o.w.w.u.RDFHandler|Extracting all the graph nodes from datasets...
2017-06-01 14:00:14,565|INFO|o.w.w.u.RDFHandler|Extracting all the project names from graphs...
2017-06-01 14:00:14,565|INFO|o.w.w.u.TripleStoreAccessor|Getting all the project graphs...
2017-06-01 14:00:14,601|INFO|o.w.w.u.RDFHandler|Extracting all the graph nodes from datasets...
2017-06-01 14:00:14,601|INFO|o.w.w.u.RDFHandler|Extracting all the project names from graphs...
2017-06-01 14:00:14,601|INFO|o.w.w.u.TripleStoreAccessor|Getting all the project graphs...
2017-06-01 14:00:14,665|INFO|o.w.w.u.TripleStoreAccessor|Getting all the project graphs...
2017-06-01 14:00:14,697|INFO|o.w.w.u.RDFHandler|Extracting all the graph nodes from datasets...
2017-06-01 14:00:14,698|INFO|o.w.w.u.RDFHandler|Extracting all the project names from graphs...
2017-06-01 14:00:14,772|INFO|o.w.w.u.RDFHandler|Executing SPARQL Query to get project name.
2017-06-01 14:00:14,954|INFO|o.w.w.u.ClusterAccessor|Submitting project: first-tests
2017-06-01 14:00:14,955|INFO|o.w.w.u.ClusterAccessor|Execute command: storm jar null null http://10.128.87.99:3030/wavesRepo/data?graph=http://localhost:9091/waves/first-tests F-3f
2017-06-01 14:00:53,120|INFO|o.w.w.u.TripleStoreAccessor|Getting all the project graphs...
2017-06-01 14:00:55,080|INFO|o.w.w.u.RDFHandler|Extracting all the graph nodes from datasets...
2017-06-01 14:00:55,081|INFO|o.w.w.u.RDFHandler|Extracting all the project names from graphs...
2017-06-01 14:00:55,085|INFO|o.w.w.u.TripleStoreAccessor|Getting all the project graphs...
2017-06-01 14:00:55,117|INFO|o.w.w.u.RDFHandler|Extracting all the graph nodes from datasets...
2017-06-01 14:00:55,117|INFO|o.w.w.u.RDFHandler|Extracting all the project names from graphs...
2017-06-01 14:00:55,117|INFO|o.w.w.u.TripleStoreAccessor|Getting all the project graphs...
2017-06-01 14:00:55,146|INFO|o.w.w.u.RDFHandler|Extracting all the graph nodes from datasets...
2017-06-01 14:00:55,146|INFO|o.w.w.u.RDFHandler|Extracting all the project names from graphs...
2017-06-01 14:00:55,148|INFO|o.w.w.u.TripleStoreAccessor|Getting all the project graphs...
2017-06-01 14:00:55,173|INFO|o.w.w.u.RDFHandler|Extracting all the graph nodes from datasets...
2017-06-01 14:00:55,174|INFO|o.w.w.u.RDFHandler|Extracting all the project names from graphs...
2017-06-01 14:00:55,174|INFO|o.w.w.u.TripleStoreAccessor|Getting all the project graphs...
2017-06-01 14:00:55,200|INFO|o.w.w.u.RDFHandler|Extracting all the graph nodes from datasets...
2017-06-01 14:00:55,200|INFO|o.w.w.u.RDFHandler|Extracting all the project names from graphs...
2017-06-01 14:00:55,200|INFO|o.w.w.u.TripleStoreAccessor|Getting all the project graphs...
2017-06-01 14:00:55,247|INFO|o.w.w.u.TripleStoreAccessor|Getting all the project graphs...
2017-06-01 14:00:55,269|INFO|o.w.w.u.RDFHandler|Extracting all the graph nodes from datasets...
2017-06-01 14:00:55,269|INFO|o.w.w.u.RDFHandler|Extracting all the project names from graphs...
2017-06-01 14:00:55,327|INFO|o.w.w.u.RDFHandler|Executing SPARQL Query to get project name.
2017-06-01 14:00:55,496|INFO|o.w.w.u.ClusterAccessor|Submitting project: first-tests
2017-06-01 14:00:55,497|INFO|o.w.w.u.ClusterAccessor|Execute command: storm jar /home/waves/Waves/waves-storm-0.2.0-SNAPSHOT.jar org.waves_rsp.storm.WavesTopology http://10.128.87.99:3030/wavesRepo/data?graph=http://localhost:9091/waves/first-tests F-3f
2017-06-01 14:03:15,328|INFO|o.w.w.u.TripleStoreAccessor|Getting all the project graphs...
2017-06-01 14:03:17,358|INFO|o.w.w.u.RDFHandler|Extracting all the graph nodes from datasets...
2017-06-01 14:03:17,359|INFO|o.w.w.u.RDFHandler|Extracting all the project names from graphs...
2017-06-01 14:03:17,364|INFO|o.w.w.u.TripleStoreAccessor|Getting all the project graphs...
2017-06-01 14:03:17,410|INFO|o.w.w.u.RDFHandler|Extracting all the graph nodes from datasets...
2017-06-01 14:03:17,411|INFO|o.w.w.u.RDFHandler|Extracting all the project names from graphs...
2017-06-01 14:03:17,411|INFO|o.w.w.u.TripleStoreAccessor|Getting all the project graphs...
2017-06-01 14:03:17,453|INFO|o.w.w.u.RDFHandler|Extracting all the graph nodes from datasets...
2017-06-01 14:03:17,453|INFO|o.w.w.u.RDFHandler|Extracting all the project names from graphs...
2017-06-01 14:03:17,456|INFO|o.w.w.u.TripleStoreAccessor|Getting all the project graphs...
2017-06-01 14:03:17,510|INFO|o.w.w.u.RDFHandler|Extracting all the graph nodes from datasets...
2017-06-01 14:03:17,511|INFO|o.w.w.u.RDFHandler|Extracting all the project names from graphs...
2017-06-01 14:03:17,511|INFO|o.w.w.u.TripleStoreAccessor|Getting all the project graphs...
2017-06-01 14:03:17,536|INFO|o.w.w.u.RDFHandler|Extracting all the graph nodes from datasets...
2017-06-01 14:03:17,536|INFO|o.w.w.u.RDFHandler|Extracting all the project names from graphs...
2017-06-01 14:03:17,536|INFO|o.w.w.u.TripleStoreAccessor|Getting all the project graphs...
2017-06-01 14:03:17,580|INFO|o.w.w.u.TripleStoreAccessor|Getting all the project graphs...
2017-06-01 14:03:17,599|INFO|o.w.w.u.RDFHandler|Extracting all the graph nodes from datasets...
2017-06-01 14:03:17,600|INFO|o.w.w.u.RDFHandler|Extracting all the project names from graphs...
2017-06-01 14:03:17,660|INFO|o.w.w.u.RDFHandler|Executing SPARQL Query to get project name.
2017-06-01 14:03:17,842|INFO|o.w.w.u.ClusterAccessor|Submitting project: first-tests
2017-06-01 14:03:17,843|INFO|o.w.w.u.ClusterAccessor|Execute command: storm jar /home/waves/Waves/waves-storm-0.2.0-SNAPSHOT.jar org.waves_rsp.storm.WavesTopology http://10.128.87.99:3030/wavesRepo/data?graph=http://localhost:9091/waves/first-tests F-3f
2017-06-01 14:04:53,839|INFO|o.w.w.u.TripleStoreAccessor|Getting all the project graphs...
2017-06-01 14:04:55,745|INFO|o.w.w.u.RDFHandler|Extracting all the graph nodes from datasets...
2017-06-01 14:04:55,745|INFO|o.w.w.u.RDFHandler|Extracting all the project names from graphs...
2017-06-01 14:04:55,750|INFO|o.w.w.u.TripleStoreAccessor|Getting all the project graphs...
2017-06-01 14:04:55,789|INFO|o.w.w.u.RDFHandler|Extracting all the graph nodes from datasets...
2017-06-01 14:04:55,789|INFO|o.w.w.u.RDFHandler|Extracting all the project names from graphs...
2017-06-01 14:04:55,790|INFO|o.w.w.u.TripleStoreAccessor|Getting all the project graphs...
2017-06-01 14:04:55,821|INFO|o.w.w.u.RDFHandler|Extracting all the graph nodes from datasets...
2017-06-01 14:04:55,822|INFO|o.w.w.u.RDFHandler|Extracting all the project names from graphs...
2017-06-01 14:04:55,825|INFO|o.w.w.u.TripleStoreAccessor|Getting all the project graphs...
2017-06-01 14:04:55,851|INFO|o.w.w.u.RDFHandler|Extracting all the graph nodes from datasets...
2017-06-01 14:04:55,851|INFO|o.w.w.u.RDFHandler|Extracting all the project names from graphs...
2017-06-01 14:04:55,852|INFO|o.w.w.u.TripleStoreAccessor|Getting all the project graphs...
2017-06-01 14:04:55,875|INFO|o.w.w.u.RDFHandler|Extracting all the graph nodes from datasets...
2017-06-01 14:04:55,875|INFO|o.w.w.u.RDFHandler|Extracting all the project names from graphs...
2017-06-01 14:04:55,875|INFO|o.w.w.u.TripleStoreAccessor|Getting all the project graphs...
2017-06-01 14:04:56,008|INFO|o.w.w.u.TripleStoreAccessor|Getting all the project graphs...
2017-06-01 14:04:56,055|INFO|o.w.w.u.RDFHandler|Extracting all the graph nodes from datasets...
2017-06-01 14:04:56,056|INFO|o.w.w.u.RDFHandler|Extracting all the project names from graphs...
2017-06-01 14:04:56,122|INFO|o.w.w.u.RDFHandler|Executing SPARQL Query to get project name.
2017-06-01 14:04:56,310|INFO|o.w.w.u.ClusterAccessor|Submitting project: first-tests
2017-06-01 14:04:56,310|INFO|o.w.w.u.ClusterAccessor|Execute command: storm jar /home/waves/Waves/waves-storm-0.2.0-SNAPSHOT.jar org.waves_rsp.storm.WavesTopology http://10.128.87.99:3030/wavesRepo/data?graph=http://localhost:9091/waves/first-tests F-3f
2017-06-01 14:25:04,157|INFO|o.w.w.u.TripleStoreAccessor|Getting all the project graphs...
2017-06-01 14:25:06,082|INFO|o.w.w.u.RDFHandler|Extracting all the graph nodes from datasets...
2017-06-01 14:25:06,083|INFO|o.w.w.u.RDFHandler|Extracting all the project names from graphs...
2017-06-01 14:25:06,087|INFO|o.w.w.u.TripleStoreAccessor|Getting all the project graphs...
2017-06-01 14:25:06,171|INFO|o.w.w.u.RDFHandler|Extracting all the graph nodes from datasets...
2017-06-01 14:25:06,172|INFO|o.w.w.u.RDFHandler|Extracting all the project names from graphs...
2017-06-01 14:25:06,172|INFO|o.w.w.u.TripleStoreAccessor|Getting all the project graphs...
2017-06-01 14:25:06,213|INFO|o.w.w.u.RDFHandler|Extracting all the graph nodes from datasets...
2017-06-01 14:25:06,213|INFO|o.w.w.u.RDFHandler|Extracting all the project names from graphs...
2017-06-01 14:25:06,218|INFO|o.w.w.u.TripleStoreAccessor|Getting all the project graphs...
2017-06-01 14:25:06,249|INFO|o.w.w.u.RDFHandler|Extracting all the graph nodes from datasets...
2017-06-01 14:25:06,249|INFO|o.w.w.u.RDFHandler|Extracting all the project names from graphs...
2017-06-01 14:25:06,249|INFO|o.w.w.u.TripleStoreAccessor|Getting all the project graphs...
2017-06-01 14:25:06,281|INFO|o.w.w.u.RDFHandler|Extracting all the graph nodes from datasets...
2017-06-01 14:25:06,281|INFO|o.w.w.u.RDFHandler|Extracting all the project names from graphs...
2017-06-01 14:25:06,281|INFO|o.w.w.u.TripleStoreAccessor|Getting all the project graphs...
2017-06-01 14:25:06,353|INFO|o.w.w.u.TripleStoreAccessor|Getting all the project graphs...
2017-06-01 14:25:06,375|INFO|o.w.w.u.RDFHandler|Extracting all the graph nodes from datasets...
2017-06-01 14:25:06,375|INFO|o.w.w.u.RDFHandler|Extracting all the project names from graphs...
2017-06-01 14:25:06,432|INFO|o.w.w.u.RDFHandler|Executing SPARQL Query to get project name.
2017-06-01 14:25:06,595|INFO|o.w.w.u.ClusterAccessor|Submitting project: first-tests
2017-06-01 14:25:06,595|INFO|o.w.w.u.ClusterAccessor|Execute command: storm jar /home/waves/Waves/waves-storm-0.2.0-SNAPSHOT.jar org.waves_rsp.storm.WavesTopology http://10.128.87.99:3030/wavesRepo/data?graph=http://localhost:9091/waves/first-tests F-3f
2017-06-01 14:56:16,480|INFO|o.w.w.u.ClusterAccessor|execOneCommand: SSH timeout: storm version
2017-06-01 14:56:26,679|INFO|o.w.w.u.ClusterAccessor|execOneCommand: SSH timeout: echo hello
2017-06-01 14:56:36,869|INFO|o.w.w.u.ClusterAccessor|execOneCommand: SSH timeout: ls
2017-06-01 14:56:47,064|INFO|o.w.w.u.ClusterAccessor|execOneCommand: SSH timeout: java -version
2017-06-01 15:17:09,255|INFO|o.w.w.u.RDFHandler|Extracting all the graph nodes from datasets...
2017-06-01 15:17:09,306|INFO|o.w.w.u.RDFHandler|Converting the TriG String into RDF Graph
2017-06-01 15:17:09,307|ERROR|o.a.j.riot|[line: 2, col: 1 ] Keyword 'previous' not allowed here
2017-06-01 15:17:09,327|INFO|o.w.w.u.RDFHandler|Converting the TriG String into RDF Graph
2017-06-01 15:17:09,355|INFO|o.w.w.u.RDFHandler|Converting the TriG String into RDF Graph
2017-06-01 15:17:09,356|ERROR|o.w.w.u.RDFHandler|Invalid TriG: it contains only zero graph
2017-06-01 15:17:09,385|INFO|o.w.w.u.RDFHandler|Getting the RDF Model of TriG graph...
2017-06-01 15:17:09,385|INFO|o.w.w.u.RDFHandler|The TriG Graph contains 53 triples.
2017-06-01 15:17:09,490|INFO|o.w.w.u.RDFHandler|Extracting all the graph nodes from datasets...
2017-06-01 15:17:09,506|INFO|o.w.w.u.RDFHandler|Getting the base URI of TriG graph...
2017-06-01 15:17:09,506|INFO|o.w.w.u.RDFHandler|The base URI of TriG graph is:http://localhost:9091/waves/first-tests
2017-06-01 15:17:09,531|INFO|o.w.w.u.RDFHandler|Extracting all the graph nodes from datasets...
2017-06-01 15:17:09,560|INFO|o.w.w.u.RDFHandler|Converting the TriG String into RDF Graph
2017-06-01 15:17:09,561|ERROR|o.w.w.u.RDFHandler|Invalid TriG: it contains more than one graphs
2017-06-01 16:19:59,028|INFO|o.w.w.u.TripleStoreAccessor|Getting all the project graphs...
2017-06-01 16:20:01,104|INFO|o.w.w.u.RDFHandler|Extracting all the graph nodes from datasets...
2017-06-01 16:20:01,105|INFO|o.w.w.u.RDFHandler|Extracting all the project names from graphs...
2017-06-01 16:20:01,112|INFO|o.w.w.u.TripleStoreAccessor|Getting all the project graphs...
2017-06-01 16:20:01,232|INFO|o.w.w.u.RDFHandler|Extracting all the graph nodes from datasets...
2017-06-01 16:20:01,232|INFO|o.w.w.u.RDFHandler|Extracting all the project names from graphs...
2017-06-01 16:20:01,233|INFO|o.w.w.u.TripleStoreAccessor|Getting all the project graphs...
2017-06-01 16:20:01,335|INFO|o.w.w.u.RDFHandler|Extracting all the graph nodes from datasets...
2017-06-01 16:20:01,335|INFO|o.w.w.u.RDFHandler|Extracting all the project names from graphs...
2017-06-01 16:20:01,340|INFO|o.w.w.u.TripleStoreAccessor|Getting all the project graphs...
2017-06-01 16:20:01,521|INFO|o.w.w.u.RDFHandler|Extracting all the graph nodes from datasets...
2017-06-01 16:20:01,521|INFO|o.w.w.u.RDFHandler|Extracting all the project names from graphs...
2017-06-01 16:20:01,521|INFO|o.w.w.u.TripleStoreAccessor|Getting all the project graphs...
2017-06-01 16:20:01,640|INFO|o.w.w.u.RDFHandler|Extracting all the graph nodes from datasets...
2017-06-01 16:20:01,640|INFO|o.w.w.u.RDFHandler|Extracting all the project names from graphs...
2017-06-01 16:20:01,640|INFO|o.w.w.u.TripleStoreAccessor|Getting all the project graphs...
2017-06-01 16:20:01,803|INFO|o.w.w.u.TripleStoreAccessor|Getting all the project graphs...
2017-06-01 16:20:01,875|INFO|o.w.w.u.RDFHandler|Extracting all the graph nodes from datasets...
2017-06-01 16:20:01,875|INFO|o.w.w.u.RDFHandler|Extracting all the project names from graphs...
2017-06-01 16:20:01,958|INFO|o.w.w.u.RDFHandler|Executing SPARQL Query to get project name.
2017-06-01 16:20:02,246|INFO|o.w.w.u.ClusterAccessor|Submitting project: first-tests
2017-06-01 16:20:02,246|INFO|o.w.w.u.ClusterAccessor|Execute command: storm jar /home/waves/Waves/waves-storm-0.2.0-SNAPSHOT.jar org.waves_rsp.storm.WavesTopology http://10.128.87.99:3030/wavesRepo/data?graph=http://localhost:9091/waves/first-tests F-3f
2017-06-01 16:21:45,621|INFO|o.w.w.u.TripleStoreAccessor|Getting all the project graphs...
2017-06-01 16:21:47,511|INFO|o.w.w.u.RDFHandler|Extracting all the graph nodes from datasets...
2017-06-01 16:21:47,512|INFO|o.w.w.u.RDFHandler|Extracting all the project names from graphs...
2017-06-01 16:21:47,518|INFO|o.w.w.u.TripleStoreAccessor|Getting all the project graphs...
2017-06-01 16:21:47,572|INFO|o.w.w.u.RDFHandler|Extracting all the graph nodes from datasets...
2017-06-01 16:21:47,572|INFO|o.w.w.u.RDFHandler|Extracting all the project names from graphs...
2017-06-01 16:21:47,572|INFO|o.w.w.u.TripleStoreAccessor|Getting all the project graphs...
2017-06-01 16:21:47,632|INFO|o.w.w.u.RDFHandler|Extracting all the graph nodes from datasets...
2017-06-01 16:21:47,632|INFO|o.w.w.u.RDFHandler|Extracting all the project names from graphs...
2017-06-01 16:21:47,636|INFO|o.w.w.u.TripleStoreAccessor|Getting all the project graphs...
2017-06-01 16:21:47,677|INFO|o.w.w.u.RDFHandler|Extracting all the graph nodes from datasets...
2017-06-01 16:21:47,677|INFO|o.w.w.u.RDFHandler|Extracting all the project names from graphs...
2017-06-01 16:21:47,678|INFO|o.w.w.u.TripleStoreAccessor|Getting all the project graphs...
2017-06-01 16:21:47,749|INFO|o.w.w.u.RDFHandler|Extracting all the graph nodes from datasets...
2017-06-01 16:21:47,749|INFO|o.w.w.u.RDFHandler|Extracting all the project names from graphs...
2017-06-01 16:21:47,749|INFO|o.w.w.u.TripleStoreAccessor|Getting all the project graphs...
2017-06-01 16:21:47,792|INFO|o.w.w.u.TripleStoreAccessor|Getting all the project graphs...
2017-06-01 16:21:47,809|INFO|o.w.w.u.RDFHandler|Extracting all the graph nodes from datasets...
2017-06-01 16:21:47,810|INFO|o.w.w.u.RDFHandler|Extracting all the project names from graphs...
2017-06-01 16:21:47,868|INFO|o.w.w.u.RDFHandler|Executing SPARQL Query to get project name.
2017-06-01 16:21:48,035|INFO|o.w.w.u.ClusterAccessor|Submitting project: first-tests
2017-06-01 16:21:48,035|INFO|o.w.w.u.ClusterAccessor|Execute command: bash run-waves.sh /home/waves/Waves/waves-storm-0.2.0-SNAPSHOT.jar org.waves_rsp.storm.WavesTopology http://10.128.87.99:3030/wavesRepo/data?graph=http://localhost:9091/waves/first-tests F-3f
2017-06-01 16:24:40,161|INFO|o.w.w.u.TripleStoreAccessor|Getting all the project graphs...
2017-06-01 16:24:42,228|INFO|o.w.w.u.RDFHandler|Extracting all the graph nodes from datasets...
2017-06-01 16:24:42,229|INFO|o.w.w.u.RDFHandler|Extracting all the project names from graphs...
2017-06-01 16:24:42,235|INFO|o.w.w.u.TripleStoreAccessor|Getting all the project graphs...
2017-06-01 16:24:42,274|INFO|o.w.w.u.RDFHandler|Extracting all the graph nodes from datasets...
2017-06-01 16:24:42,274|INFO|o.w.w.u.RDFHandler|Extracting all the project names from graphs...
2017-06-01 16:24:42,275|INFO|o.w.w.u.TripleStoreAccessor|Getting all the project graphs...
2017-06-01 16:24:42,318|INFO|o.w.w.u.RDFHandler|Extracting all the graph nodes from datasets...
2017-06-01 16:24:42,318|INFO|o.w.w.u.RDFHandler|Extracting all the project names from graphs...
2017-06-01 16:24:42,322|INFO|o.w.w.u.TripleStoreAccessor|Getting all the project graphs...
2017-06-01 16:24:42,363|INFO|o.w.w.u.RDFHandler|Extracting all the graph nodes from datasets...
2017-06-01 16:24:42,363|INFO|o.w.w.u.RDFHandler|Extracting all the project names from graphs...
2017-06-01 16:24:42,363|INFO|o.w.w.u.TripleStoreAccessor|Getting all the project graphs...
2017-06-01 16:24:42,399|INFO|o.w.w.u.RDFHandler|Extracting all the graph nodes from datasets...
2017-06-01 16:24:42,399|INFO|o.w.w.u.RDFHandler|Extracting all the project names from graphs...
2017-06-01 16:24:42,399|INFO|o.w.w.u.TripleStoreAccessor|Getting all the project graphs...
2017-06-01 16:24:42,493|INFO|o.w.w.u.TripleStoreAccessor|Getting all the project graphs...
2017-06-01 16:24:42,530|INFO|o.w.w.u.RDFHandler|Extracting all the graph nodes from datasets...
2017-06-01 16:24:42,530|INFO|o.w.w.u.RDFHandler|Extracting all the project names from graphs...
2017-06-01 16:24:42,603|INFO|o.w.w.u.RDFHandler|Executing SPARQL Query to get project name.
2017-06-01 16:24:42,811|INFO|o.w.w.u.ClusterAccessor|Submitting project: first-tests
2017-06-01 16:24:42,812|INFO|o.w.w.u.ClusterAccessor|Execute command: bash run-waves.sh /home/waves/Waves/waves-storm-0.2.0-SNAPSHOT.jar org.waves_rsp.storm.WavesTopology http://10.128.87.99:3030/wavesRepo/data?graph=http://localhost:9091/waves/first-tests F-3f
2017-06-14 17:59:46,051|INFO|o.w.w.u.TripleStoreAccessor|Getting all the project graphs...
2017-06-14 17:59:47,827|INFO|o.w.w.u.RDFHandler|Extracting all the graph nodes from datasets...
2017-06-14 17:59:47,827|INFO|o.w.w.u.RDFHandler|Extracting all the project names from graphs...
2017-06-14 17:59:47,831|INFO|o.w.w.u.TripleStoreAccessor|Getting all the project graphs...
2017-06-14 17:59:47,875|INFO|o.w.w.u.RDFHandler|Extracting all the graph nodes from datasets...
2017-06-14 17:59:47,876|INFO|o.w.w.u.RDFHandler|Extracting all the project names from graphs...
2017-06-14 17:59:47,876|INFO|o.w.w.u.TripleStoreAccessor|Getting all the project graphs...
2017-06-14 17:59:47,914|INFO|o.w.w.u.RDFHandler|Extracting all the graph nodes from datasets...
2017-06-14 17:59:47,914|INFO|o.w.w.u.RDFHandler|Extracting all the project names from graphs...
2017-06-14 17:59:47,917|INFO|o.w.w.u.TripleStoreAccessor|Getting all the project graphs...
2017-06-14 17:59:47,960|INFO|o.w.w.u.RDFHandler|Extracting all the graph nodes from datasets...
2017-06-14 17:59:47,961|INFO|o.w.w.u.RDFHandler|Extracting all the project names from graphs...
2017-06-14 17:59:47,961|INFO|o.w.w.u.TripleStoreAccessor|Getting all the project graphs...
2017-06-14 17:59:47,994|INFO|o.w.w.u.RDFHandler|Extracting all the graph nodes from datasets...
2017-06-14 17:59:47,995|INFO|o.w.w.u.RDFHandler|Extracting all the project names from graphs...
2017-06-14 17:59:47,995|INFO|o.w.w.u.TripleStoreAccessor|Getting all the project graphs...
2017-06-14 17:59:48,052|INFO|o.w.w.u.TripleStoreAccessor|Getting all the project graphs...
2017-06-14 17:59:48,161|INFO|o.w.w.u.RDFHandler|Extracting all the graph nodes from datasets...
2017-06-14 17:59:48,162|INFO|o.w.w.u.RDFHandler|Extracting all the project names from graphs...
2017-06-14 17:59:48,220|INFO|o.w.w.u.RDFHandler|Executing SPARQL Query to get project name.
2017-06-14 17:59:48,393|INFO|o.w.w.u.ClusterAccessor|Submitting project: first-tests
2017-06-14 17:59:48,394|INFO|o.w.w.u.ClusterAccessor|Execute command: bash run-waves.sh /home/waves/Waves/waves-storm-0.2.0-SNAPSHOT.jar org.waves_rsp.storm.WavesTopology http://192.168.1.54:3030/wavesRepo/data?graph=http://localhost:9091/waves/first-tests F-3f
2017-06-14 17:59:49,469|INFO|o.w.w.u.RDFHandler|Extracting all the graph nodes from datasets...
2017-06-14 17:59:49,516|INFO|o.w.w.u.RDFHandler|Converting the TriG String into RDF Graph
2017-06-14 17:59:49,517|ERROR|o.a.j.riot|[line: 2, col: 1 ] Keyword 'previous' not allowed here
2017-06-14 17:59:49,534|INFO|o.w.w.u.RDFHandler|Converting the TriG String into RDF Graph
2017-06-14 17:59:49,557|INFO|o.w.w.u.RDFHandler|Converting the TriG String into RDF Graph
2017-06-14 17:59:49,557|ERROR|o.w.w.u.RDFHandler|Invalid TriG: it contains only zero graph
2017-06-14 17:59:49,570|INFO|o.w.w.u.RDFHandler|Getting the RDF Model of TriG graph...
2017-06-14 17:59:49,571|INFO|o.w.w.u.RDFHandler|The TriG Graph contains 53 triples.
2017-06-14 17:59:49,709|INFO|o.w.w.u.RDFHandler|Extracting all the graph nodes from datasets...
2017-06-14 17:59:49,727|INFO|o.w.w.u.RDFHandler|Getting the base URI of TriG graph...
2017-06-14 17:59:49,727|INFO|o.w.w.u.RDFHandler|The base URI of TriG graph is:http://localhost:9091/waves/first-tests
2017-06-14 17:59:49,743|INFO|o.w.w.u.RDFHandler|Extracting all the graph nodes from datasets...
2017-06-14 17:59:49,753|INFO|o.w.w.u.RDFHandler|Converting the TriG String into RDF Graph
2017-06-14 17:59:49,762|ERROR|o.w.w.u.RDFHandler|Invalid TriG: it contains more than one graphs
2017-06-19 14:28:55,710|INFO|o.w.w.u.RDFHandler|Extracting all the graph nodes from datasets...
2017-06-19 14:28:55,808|INFO|o.w.w.u.RDFHandler|Converting the TriG String into RDF Graph
2017-06-19 14:28:55,809|ERROR|o.a.j.riot|[line: 2, col: 1 ] Keyword 'previous' not allowed here
2017-06-19 14:28:55,846|INFO|o.w.w.u.RDFHandler|Converting the TriG String into RDF Graph
2017-06-19 14:28:55,880|INFO|o.w.w.u.RDFHandler|Converting the TriG String into RDF Graph
2017-06-19 14:28:55,881|ERROR|o.w.w.u.RDFHandler|Invalid TriG: it contains only zero graph
2017-06-19 14:28:55,901|INFO|o.w.w.u.RDFHandler|Getting the RDF Model of TriG graph...
2017-06-19 14:28:55,925|INFO|o.w.w.u.RDFHandler|The TriG Graph contains 53 triples.
2017-06-19 14:28:56,018|INFO|o.w.w.u.RDFHandler|Extracting all the graph nodes from datasets...
2017-06-19 14:28:56,049|INFO|o.w.w.u.RDFHandler|Getting the base URI of TriG graph...
2017-06-19 14:28:56,049|INFO|o.w.w.u.RDFHandler|The base URI of TriG graph is:http://localhost:9091/waves/first-tests
2017-06-19 14:28:56,065|INFO|o.w.w.u.RDFHandler|Extracting all the graph nodes from datasets...
2017-06-19 14:28:56,079|INFO|o.w.w.u.RDFHandler|Converting the TriG String into RDF Graph
2017-06-19 14:28:56,081|ERROR|o.w.w.u.RDFHandler|Invalid TriG: it contains more than one graphs
2017-06-19 14:30:38,519|INFO|o.w.w.u.RDFHandler|Extracting all the graph nodes from datasets...
2017-06-19 14:30:38,583|INFO|o.w.w.u.RDFHandler|Converting the TriG String into RDF Graph
2017-06-19 14:30:38,584|ERROR|o.a.j.riot|[line: 2, col: 1 ] Keyword 'previous' not allowed here
2017-06-19 14:30:38,603|INFO|o.w.w.u.RDFHandler|Converting the TriG String into RDF Graph
2017-06-19 14:30:38,623|INFO|o.w.w.u.RDFHandler|Converting the TriG String into RDF Graph
2017-06-19 14:30:38,625|ERROR|o.w.w.u.RDFHandler|Invalid TriG: it contains only zero graph
2017-06-19 14:30:38,651|INFO|o.w.w.u.RDFHandler|Getting the RDF Model of TriG graph...
2017-06-19 14:30:38,651|INFO|o.w.w.u.RDFHandler|The TriG Graph contains 53 triples.
2017-06-19 14:30:38,709|INFO|o.w.w.u.RDFHandler|Extracting all the graph nodes from datasets...
2017-06-19 14:30:38,730|INFO|o.w.w.u.RDFHandler|Getting the base URI of TriG graph...
2017-06-19 14:30:38,731|INFO|o.w.w.u.RDFHandler|The base URI of TriG graph is:http://localhost:9091/waves/first-tests
2017-06-19 14:30:38,748|INFO|o.w.w.u.RDFHandler|Extracting all the graph nodes from datasets...
2017-06-19 14:30:38,755|INFO|o.w.w.u.RDFHandler|Converting the TriG String into RDF Graph
2017-06-19 14:30:38,757|ERROR|o.w.w.u.RDFHandler|Invalid TriG: it contains more than one graphs
2017-06-20 11:51:19,005|INFO|o.w.w.u.RDFHandler|Extracting all the graph nodes from datasets...
2017-06-20 11:51:19,066|INFO|o.w.w.u.RDFHandler|Converting the TriG String into RDF Graph
2017-06-20 11:51:19,067|ERROR|o.a.j.riot|[line: 2, col: 1 ] Keyword 'previous' not allowed here
2017-06-20 11:51:19,091|INFO|o.w.w.u.RDFHandler|Converting the TriG String into RDF Graph
2017-06-20 11:51:19,116|INFO|o.w.w.u.RDFHandler|Converting the TriG String into RDF Graph
2017-06-20 11:51:19,116|ERROR|o.w.w.u.RDFHandler|Invalid TriG: it contains only zero graph
2017-06-20 11:51:19,134|INFO|o.w.w.u.RDFHandler|Getting the RDF Model of TriG graph...
2017-06-20 11:51:19,135|INFO|o.w.w.u.RDFHandler|The TriG Graph contains 53 triples.
2017-06-20 11:51:19,228|INFO|o.w.w.u.RDFHandler|Extracting all the graph nodes from datasets...
2017-06-20 11:51:19,239|INFO|o.w.w.u.RDFHandler|Getting the base URI of TriG graph...
2017-06-20 11:51:19,240|INFO|o.w.w.u.RDFHandler|The base URI of TriG graph is:http://localhost:9091/waves/first-tests
2017-06-20 11:51:19,267|INFO|o.w.w.u.RDFHandler|Extracting all the graph nodes from datasets...
2017-06-20 11:51:19,277|INFO|o.w.w.u.RDFHandler|Converting the TriG String into RDF Graph
2017-06-20 11:51:19,278|ERROR|o.w.w.u.RDFHandler|Invalid TriG: it contains more than one graphs
2017-06-20 11:51:37,639|INFO|o.w.w.u.RDFHandler|Extracting all the graph nodes from datasets...
2017-06-20 11:51:37,696|INFO|o.w.w.u.RDFHandler|Converting the TriG String into RDF Graph
2017-06-20 11:51:37,698|ERROR|o.a.j.riot|[line: 2, col: 1 ] Keyword 'previous' not allowed here
2017-06-20 11:51:37,716|INFO|o.w.w.u.RDFHandler|Converting the TriG String into RDF Graph
2017-06-20 11:51:37,739|INFO|o.w.w.u.RDFHandler|Converting the TriG String into RDF Graph
2017-06-20 11:51:37,740|ERROR|o.w.w.u.RDFHandler|Invalid TriG: it contains only zero graph
2017-06-20 11:51:37,753|INFO|o.w.w.u.RDFHandler|Getting the RDF Model of TriG graph...
2017-06-20 11:51:37,753|INFO|o.w.w.u.RDFHandler|The TriG Graph contains 53 triples.
2017-06-20 11:51:37,827|INFO|o.w.w.u.RDFHandler|Extracting all the graph nodes from datasets...
2017-06-20 11:51:37,837|INFO|o.w.w.u.RDFHandler|Getting the base URI of TriG graph...
2017-06-20 11:51:37,838|INFO|o.w.w.u.RDFHandler|The base URI of TriG graph is:http://localhost:9091/waves/first-tests
2017-06-20 11:51:37,857|INFO|o.w.w.u.RDFHandler|Extracting all the graph nodes from datasets...
2017-06-20 11:51:37,868|INFO|o.w.w.u.RDFHandler|Converting the TriG String into RDF Graph
2017-06-20 11:51:37,870|ERROR|o.w.w.u.RDFHandler|Invalid TriG: it contains more than one graphs
2017-06-20 11:57:37,016|INFO|o.w.w.u.RDFHandler|Extracting all the graph nodes from datasets...
2017-06-20 11:57:37,095|INFO|o.w.w.u.RDFHandler|Converting the TriG String into RDF Graph
2017-06-20 11:57:37,098|ERROR|o.a.j.riot|[line: 2, col: 1 ] Keyword 'previous' not allowed here
2017-06-20 11:57:37,138|INFO|o.w.w.u.RDFHandler|Converting the TriG String into RDF Graph
2017-06-20 11:57:37,193|INFO|o.w.w.u.RDFHandler|Converting the TriG String into RDF Graph
2017-06-20 11:57:37,196|ERROR|o.w.w.u.RDFHandler|Invalid TriG: it contains only zero graph
2017-06-20 11:57:37,217|INFO|o.w.w.u.RDFHandler|Getting the RDF Model of TriG graph...
2017-06-20 11:57:37,217|INFO|o.w.w.u.RDFHandler|The TriG Graph contains 53 triples.
2017-06-20 11:57:37,370|INFO|o.w.w.u.RDFHandler|Extracting all the graph nodes from datasets...
2017-06-20 11:57:37,384|INFO|o.w.w.u.RDFHandler|Getting the base URI of TriG graph...
2017-06-20 11:57:37,384|INFO|o.w.w.u.RDFHandler|The base URI of TriG graph is:http://localhost:9091/waves/first-tests
2017-06-20 11:57:37,411|INFO|o.w.w.u.RDFHandler|Extracting all the graph nodes from datasets...
2017-06-20 11:57:37,427|INFO|o.w.w.u.RDFHandler|Converting the TriG String into RDF Graph
2017-06-20 11:57:37,429|ERROR|o.w.w.u.RDFHandler|Invalid TriG: it contains more than one graphs
2017-06-20 12:08:02,378|INFO|o.w.w.u.RDFHandler|Extracting all the graph nodes from datasets...
2017-06-20 12:08:02,456|INFO|o.w.w.u.RDFHandler|Converting the TriG String into RDF Graph
2017-06-20 12:08:02,457|ERROR|o.a.j.riot|[line: 2, col: 1 ] Keyword 'previous' not allowed here
2017-06-20 12:08:02,475|INFO|o.w.w.u.RDFHandler|Converting the TriG String into RDF Graph
2017-06-20 12:08:02,502|INFO|o.w.w.u.RDFHandler|Converting the TriG String into RDF Graph
2017-06-20 12:08:02,503|ERROR|o.w.w.u.RDFHandler|Invalid TriG: it contains only zero graph
2017-06-20 12:08:02,518|INFO|o.w.w.u.RDFHandler|Getting the RDF Model of TriG graph...
2017-06-20 12:08:02,518|INFO|o.w.w.u.RDFHandler|The TriG Graph contains 53 triples.
2017-06-20 12:08:02,586|INFO|o.w.w.u.RDFHandler|Extracting all the graph nodes from datasets...
2017-06-20 12:08:02,597|INFO|o.w.w.u.RDFHandler|Getting the base URI of TriG graph...
2017-06-20 12:08:02,597|INFO|o.w.w.u.RDFHandler|The base URI of TriG graph is:http://localhost:9091/waves/first-tests
2017-06-20 12:08:02,614|INFO|o.w.w.u.RDFHandler|Extracting all the graph nodes from datasets...
2017-06-20 12:08:02,622|INFO|o.w.w.u.RDFHandler|Converting the TriG String into RDF Graph
2017-06-20 12:08:02,624|ERROR|o.w.w.u.RDFHandler|Invalid TriG: it contains more than one graphs
2017-06-20 12:11:38,726|INFO|o.w.w.u.RDFHandler|Extracting all the graph nodes from datasets...
2017-06-20 12:11:38,839|INFO|o.w.w.u.RDFHandler|Converting the TriG String into RDF Graph
2017-06-20 12:11:38,840|ERROR|o.a.j.riot|[line: 2, col: 1 ] Keyword 'previous' not allowed here
2017-06-20 12:11:38,887|INFO|o.w.w.u.RDFHandler|Converting the TriG String into RDF Graph
2017-06-20 12:11:38,908|INFO|o.w.w.u.RDFHandler|Converting the TriG String into RDF Graph
2017-06-20 12:11:38,909|ERROR|o.w.w.u.RDFHandler|Invalid TriG: it contains only zero graph
2017-06-20 12:11:38,923|INFO|o.w.w.u.RDFHandler|Getting the RDF Model of TriG graph...
2017-06-20 12:11:38,923|INFO|o.w.w.u.RDFHandler|The TriG Graph contains 53 triples.
2017-06-20 12:11:39,033|INFO|o.w.w.u.RDFHandler|Extracting all the graph nodes from datasets...
2017-06-20 12:11:39,051|INFO|o.w.w.u.RDFHandler|Getting the base URI of TriG graph...
2017-06-20 12:11:39,052|INFO|o.w.w.u.RDFHandler|The base URI of TriG graph is:http://localhost:9091/waves/first-tests
2017-06-20 12:11:39,068|INFO|o.w.w.u.RDFHandler|Extracting all the graph nodes from datasets...
2017-06-20 12:11:39,075|INFO|o.w.w.u.RDFHandler|Converting the TriG String into RDF Graph
2017-06-20 12:11:39,077|ERROR|o.w.w.u.RDFHandler|Invalid TriG: it contains more than one graphs
