2017-05-31 10:15:37,466|INFO|o.w.w.u.RDFHandler|Extracting all the graph nodes from datasets...
2017-05-31 10:15:37,515|INFO|o.w.w.u.RDFHandler|Converting the TriG String into RDF Graph
2017-05-31 10:15:37,516|ERROR|o.a.j.riot|[line: 2, col: 1 ] Keyword 'previous' not allowed here
2017-05-31 10:15:37,541|INFO|o.w.w.u.RDFHandler|Converting the TriG String into RDF Graph
2017-05-31 10:15:37,559|INFO|o.w.w.u.RDFHandler|Converting the TriG String into RDF Graph
2017-05-31 10:15:37,564|ERROR|o.w.w.u.RDFHandler|Invalid TriG: it contains only zero graph
2017-05-31 10:15:37,579|INFO|o.w.w.u.RDFHandler|Getting the RDF Model of TriG graph...
2017-05-31 10:15:37,580|INFO|o.w.w.u.RDFHandler|The TriG Graph contains 53 triples.
2017-05-31 10:15:37,642|INFO|o.w.w.u.RDFHandler|Extracting all the graph nodes from datasets...
2017-05-31 10:15:37,652|INFO|o.w.w.u.RDFHandler|Getting the base URI of TriG graph...
2017-05-31 10:15:37,652|INFO|o.w.w.u.RDFHandler|The base URI of TriG graph is:http://localhost:9091/waves/first-tests
2017-05-31 10:15:37,671|INFO|o.w.w.u.RDFHandler|Extracting all the graph nodes from datasets...
2017-05-31 10:15:37,680|INFO|o.w.w.u.RDFHandler|Converting the TriG String into RDF Graph
2017-05-31 10:15:37,682|ERROR|o.w.w.u.RDFHandler|Invalid TriG: it contains more than one graphs
2017-05-31 16:09:12,212|INFO|o.w.w.u.RDFHandler|Extracting all the graph nodes from datasets...
2017-05-31 16:09:12,261|INFO|o.w.w.u.RDFHandler|Converting the TriG String into RDF Graph
2017-05-31 16:09:12,263|ERROR|o.a.j.riot|[line: 2, col: 1 ] Keyword 'previous' not allowed here
2017-05-31 16:09:12,291|INFO|o.w.w.u.RDFHandler|Converting the TriG String into RDF Graph
2017-05-31 16:09:12,315|INFO|o.w.w.u.RDFHandler|Converting the TriG String into RDF Graph
2017-05-31 16:09:12,315|ERROR|o.w.w.u.RDFHandler|Invalid TriG: it contains only zero graph
2017-05-31 16:09:12,328|INFO|o.w.w.u.RDFHandler|Getting the RDF Model of TriG graph...
2017-05-31 16:09:12,328|INFO|o.w.w.u.RDFHandler|The TriG Graph contains 53 triples.
2017-05-31 16:09:12,384|INFO|o.w.w.u.RDFHandler|Extracting all the graph nodes from datasets...
2017-05-31 16:09:12,393|INFO|o.w.w.u.RDFHandler|Getting the base URI of TriG graph...
2017-05-31 16:09:12,394|INFO|o.w.w.u.RDFHandler|The base URI of TriG graph is:http://localhost:9091/waves/first-tests
2017-05-31 16:09:12,414|INFO|o.w.w.u.RDFHandler|Extracting all the graph nodes from datasets...
2017-05-31 16:09:12,424|INFO|o.w.w.u.RDFHandler|Converting the TriG String into RDF Graph
2017-05-31 16:09:12,425|ERROR|o.w.w.u.RDFHandler|Invalid TriG: it contains more than one graphs
